<?xml version="1.0" encoding="UTF-8"?>
<OmniDataTransform xmlns="http://soap.sforce.com/2006/04/metadata">
    <active>false</active>
    <assignmentRulesUsed>false</assignmentRulesUsed>
    <deletedOnSuccess>false</deletedOnSuccess>
    <errorIgnored>false</errorIgnored>
    <expectedInputJson>{
  &quot;vlcTimeTracking&quot; : {
    &quot;Supervisor Guide&quot; : null,
    &quot;Caller Refuses Transfer&quot; : null,
    &quot;Red Phone/Threat Call&quot; : null,
    &quot;Emergency - Call Authorities&quot; : null,
    &quot;Determined not to be Threat&quot; : null,
    &quot;Threat to harm Others&quot; : null,
    &quot;Threat to harm Self&quot; : null,
    &quot;Suicide Crisis Lifeline&quot; : null,
    &quot;DataRaptorPostAction1&quot; : null,
    &quot;Warm Transfer&quot; : null,
    &quot;Save-Responses&quot; : null,
    &quot;Supervisor Transfer and Threat Notification Steps&quot; : null,
    &quot;Email&quot; : null
  },
  &quot;vlcPersistentComponent&quot; : { },
  &quot;userTimeZone&quot; : null,
  &quot;userProfile&quot; : null,
  &quot;userName&quot; : null,
  &quot;userId&quot; : null,
  &quot;timeStamp&quot; : null,
  &quot;ContextId&quot; : null,
  &quot;Supervisor Guide&quot; : {
    &quot;Supervisor_Options&quot; : null
  },
  &quot;Caller Refuses Transfer&quot; : { },
  &quot;Red Phone/Threat Call&quot; : { },
  &quot;Emergency - Call Authorities&quot; : { },
  &quot;Determined not to be Threat&quot; : { },
  &quot;Threat to harm Others&quot; : { },
  &quot;Threat to harm Self&quot; : {
    &quot;Threat_to_harm_Self_Options&quot; : null
  },
  &quot;Suicide Crisis Lifeline&quot; : {
    &quot;Suicide_Crisis_Lifeline_Options&quot; : null
  },
  &quot;Warm Transfer&quot; : { },
  &quot;Supervisor Transfer and Threat Notification Steps&quot; : {
    &quot;CCR_Options&quot; : null
  },
  &quot;Email&quot; : {
    &quot;See empathetic statements.&quot; : { }
  }
}</expectedInputJson>
    <fieldLevelSecurityEnabled>false</fieldLevelSecurityEnabled>
    <inputType>JSON</inputType>
    <name>UpdateThreatCallDR</name>
    <nullInputsIncludedInOutput>false</nullInputsIncludedInOutput>
    <omniDataTransformItem>
        <disabled>false</disabled>
        <filterGroup>0.0</filterGroup>
        <globalKey>Update Threat Call Check BoxCustom7088</globalKey>
        <inputFieldName>ContextId</inputFieldName>
        <inputObjectQuerySequence>0.0</inputObjectQuerySequence>
        <linkedObjectSequence>0.0</linkedObjectSequence>
        <name>Update Threat Call Check Box</name>
        <outputCreationSequence>1.0</outputCreationSequence>
        <outputFieldName>Id</outputFieldName>
        <outputObjectName>Case</outputObjectName>
        <requiredForUpsert>false</requiredForUpsert>
        <upsertKey>false</upsertKey>
    </omniDataTransformItem>
    <omniDataTransformItem>
        <disabled>true</disabled>
        <filterGroup>0.0</filterGroup>
        <filterOperator>=</filterOperator>
        <globalKey>Update Threat Call DR31887857476469006</globalKey>
        <inputObjectQuerySequence>0.0</inputObjectQuerySequence>
        <linkedObjectSequence>0.0</linkedObjectSequence>
        <migrationValue>FAKEMAPPING</migrationValue>
        <name>Update Threat Call DR</name>
        <outputCreationSequence>1.0</outputCreationSequence>
        <outputFieldName>Id</outputFieldName>
        <outputObjectName>Case</outputObjectName>
        <requiredForUpsert>false</requiredForUpsert>
        <upsertKey>false</upsertKey>
    </omniDataTransformItem>
    <omniDataTransformItem>
        <defaultValue>true</defaultValue>
        <disabled>false</disabled>
        <filterGroup>0.0</filterGroup>
        <globalKey>Update Threat Call DRCustom4800</globalKey>
        <inputObjectQuerySequence>0.0</inputObjectQuerySequence>
        <linkedObjectSequence>0.0</linkedObjectSequence>
        <name>Update Threat Call DR</name>
        <outputCreationSequence>1.0</outputCreationSequence>
        <outputFieldFormat>Boolean</outputFieldFormat>
        <outputFieldName>Threat_Call__c</outputFieldName>
        <outputObjectName>Case</outputObjectName>
        <requiredForUpsert>false</requiredForUpsert>
        <transformValuesMappings>{ }</transformValuesMappings>
        <upsertKey>false</upsertKey>
    </omniDataTransformItem>
    <outputType>SObject</outputType>
    <previewJsonData>{
  &quot;vlcTimeTracking&quot; : {
    &quot;Supervisor Guide&quot; : null,
    &quot;Caller Refuses Transfer&quot; : null,
    &quot;Red Phone/Threat Call&quot; : null,
    &quot;Emergency - Call Authorities&quot; : null,
    &quot;Determined not to be Threat&quot; : null,
    &quot;Threat to harm Others&quot; : null,
    &quot;Threat to harm Self&quot; : null,
    &quot;Suicide Crisis Lifeline&quot; : null,
    &quot;DataRaptorPostAction1&quot; : null,
    &quot;Warm Transfer&quot; : null,
    &quot;Save-Responses&quot; : null,
    &quot;Supervisor Transfer and Threat Notification Steps&quot; : null,
    &quot;Email&quot; : null
  },
  &quot;vlcPersistentComponent&quot; : { },
  &quot;userTimeZone&quot; : null,
  &quot;userProfile&quot; : null,
  &quot;userName&quot; : null,
  &quot;userId&quot; : null,
  &quot;timeStamp&quot; : null,
  &quot;ContextId&quot; : null,
  &quot;Supervisor Guide&quot; : {
    &quot;Supervisor_Options&quot; : null
  },
  &quot;Caller Refuses Transfer&quot; : { },
  &quot;Red Phone/Threat Call&quot; : { },
  &quot;Emergency - Call Authorities&quot; : { },
  &quot;Determined not to be Threat&quot; : { },
  &quot;Threat to harm Others&quot; : { },
  &quot;Threat to harm Self&quot; : {
    &quot;Threat_to_harm_Self_Options&quot; : null
  },
  &quot;Suicide Crisis Lifeline&quot; : {
    &quot;Suicide_Crisis_Lifeline_Options&quot; : null
  },
  &quot;Warm Transfer&quot; : { },
  &quot;Supervisor Transfer and Threat Notification Steps&quot; : {
    &quot;CCR_Options&quot; : null
  },
  &quot;Email&quot; : {
    &quot;See empathetic statements.&quot; : { }
  }
}</previewJsonData>
    <processSuperBulk>false</processSuperBulk>
    <responseCacheTtlMinutes>0.0</responseCacheTtlMinutes>
    <rollbackOnError>false</rollbackOnError>
    <sourceObject>json</sourceObject>
    <sourceObjectDefault>false</sourceObjectDefault>
    <synchronousProcessThreshold>0.0</synchronousProcessThreshold>
    <type>Load</type>
    <uniqueName>UpdateThreatCallDR_1</uniqueName>
    <versionNumber>1.0</versionNumber>
    <xmlDeclarationRemoved>false</xmlDeclarationRemoved>
</OmniDataTransform>
